cuboctahedron_nn1.60 OK 866
cuboctahedron_nn1.70_perturb0 OK 557
cuboctahedron_nn1.70_perturb1 OK 710
cuboctahedron_nn1.70_perturb2 OK 614
cuboctahedron_nn1.80 OK 996
cuboctahedron_nn2.00 OK 963
cuboctahedron_nn2.00_perturb0 OK 583
cuboctahedron_nn2.00_perturb1 OK 569
cuboctahedron_nn2.00_perturb2 OK 1302
cuboctahedron_nn2.50 OK 862
cuboctahedron_nn3.00 OK 895
cuboctahedron_nn5.00 OK 1672
double_ring_nn1.60 OK 191
double_ring_nn1.80 OK 313
double_ring_nn2.00 OK 934
double_ring_nn2.50 OK 1024
double_ring_nn3.00 OK 2608
double_ring_nn5.00 OK 5784
hex_antiprism_nn1.60 OK 75
hex_antiprism_nn1.70_perturb0 OK 206
hex_antiprism_nn1.70_perturb1 OK 207
hex_antiprism_nn1.70_perturb2 OK 186
hex_antiprism_nn1.80 OK 78
hex_antiprism_nn2.00 OK 121
hex_antiprism_nn2.00_perturb0 OK 430
hex_antiprism_nn2.00_perturb1 OK 306
hex_antiprism_nn2.00_perturb2 OK 417
hex_antiprism_nn2.50 OK 688
hex_antiprism_nn3.00 OK 593
hex_antiprism_nn5.00 OK 1586
hex_prism_nn1.60 OK 128
hex_prism_nn1.80 OK 630
hex_prism_nn2.00 OK 685
hex_prism_nn2.50 OK 990
hex_prism_nn3.00 OK 1021
hex_prism_nn5.00 FAIL rc=0 947
icosahedron_nn1.60 OK 148
icosahedron_nn1.70_perturb0 OK 494
icosahedron_nn1.70_perturb1 OK 419
icosahedron_nn1.70_perturb2 OK 525
icosahedron_nn1.80 OK 117
icosahedron_nn2.00 OK 160
icosahedron_nn2.00_perturb0 OK 339
icosahedron_nn2.00_perturb1 OK 429
icosahedron_nn2.00_perturb2 OK 394
icosahedron_nn2.50 OK 322
icosahedron_nn3.00 OK 649
icosahedron_nn5.00 OK 1008
quasi_planar_nn1.60 OK 683
quasi_planar_nn1.70_perturb0 OK 758
quasi_planar_nn1.70_perturb1 OK 968
quasi_planar_nn1.70_perturb2 OK 573
quasi_planar_nn1.80 OK 737
quasi_planar_nn2.00 OK 1048
quasi_planar_nn2.00_perturb0 OK 711
quasi_planar_nn2.00_perturb1 OK 1650
quasi_planar_nn2.00_perturb2 OK 1133
quasi_planar_nn2.50 OK 1502
quasi_planar_nn3.00 OK 1870
quasi_planar_nn5.00 OK 7008
random0_nn1.70 OK 1674
random0_nn2.00 OK 1554
random1_nn1.70 OK 1963
random1_nn2.00 OK 1479
random2_nn1.70 OK 1123
random2_nn2.00 OK 1028
random3_nn1.70 OK 735
random3_nn2.00 OK 1852
random4_nn1.70 OK 588
random4_nn2.00 OK 1268
random5_nn1.70 OK 653
random5_nn2.00 OK 970
trunc_tetrahedron_nn1.60 OK 1250
trunc_tetrahedron_nn1.80 OK 915
trunc_tetrahedron_nn2.00 OK 1615
trunc_tetrahedron_nn2.50 OK 3600
trunc_tetrahedron_nn3.00 OK 4783
trunc_tetrahedron_nn5.00 FAIL rc=0 443
